0 info it worked if it ends with ok
1 verbose cli [ '/usr/local/bin/node',
1 verbose cli   '/usr/local/bin/npm',
1 verbose cli   'install',
1 verbose cli   'body_parser',
1 verbose cli   '--save' ]
2 info using npm@2.14.4
3 info using node@v4.1.2
4 verbose install initial load of /Users/Contour/Documents/Parsons/Thesis/SEGUE/package.json
5 warn package.json intro_to_npm@0.0.0 No repository field.
6 warn package.json intro_to_npm@0.0.0 No README data
7 warn package.json intro_to_npm@0.0.0 license should be a valid SPDX license expression
8 verbose installManyTop reading scoped package data from /Users/Contour/Documents/Parsons/Thesis/SEGUE/node_modules/alchemyapi_node/package.json
9 verbose installManyTop reading scoped package data from /Users/Contour/Documents/Parsons/Thesis/SEGUE/node_modules/consolidate/package.json
10 verbose installManyTop reading scoped package data from /Users/Contour/Documents/Parsons/Thesis/SEGUE/node_modules/express/package.json
11 verbose installManyTop reading scoped package data from /Users/Contour/Documents/Parsons/Thesis/SEGUE/node_modules/jquery/package.json
12 verbose installManyTop reading scoped package data from /Users/Contour/Documents/Parsons/Thesis/SEGUE/node_modules/mongodb/package.json
13 verbose installManyTop reading scoped package data from /Users/Contour/Documents/Parsons/Thesis/SEGUE/node_modules/nodemon/package.json
14 verbose installManyTop reading scoped package data from /Users/Contour/Documents/Parsons/Thesis/SEGUE/node_modules/swig/package.json
15 info package.json consolidate@0.9.1 No repository field.
16 info package.json consolidate@0.9.1 No license field.
17 info package.json mongodb@1.3.23 No license field.
18 info package.json jquery@2.1.4 No license field.
19 verbose readDependencies loading dependencies from /Users/Contour/Documents/Parsons/Thesis/SEGUE/package.json
20 silly cache add args [ 'body_parser', null ]
21 verbose cache add spec body_parser
22 silly cache add parsed spec Result {
22 silly cache add   raw: 'body_parser',
22 silly cache add   scope: null,
22 silly cache add   name: 'body_parser',
22 silly cache add   rawSpec: '',
22 silly cache add   spec: '*',
22 silly cache add   type: 'range' }
23 silly addNamed body_parser@*
24 verbose addNamed "*" is a valid semver range for body_parser
25 silly addNameRange { name: 'body_parser', range: '*', hasData: false }
26 silly mapToRegistry name body_parser
27 silly mapToRegistry using default registry
28 silly mapToRegistry registry https://registry.npmjs.org/
29 silly mapToRegistry uri https://registry.npmjs.org/body_parser
30 verbose addNameRange registry:https://registry.npmjs.org/body_parser not in flight; fetching
31 verbose request uri https://registry.npmjs.org/body_parser
32 verbose request no auth needed
33 info attempt registry request try #1 at 9:13:17 PM
34 verbose request id 884855cd18495bab
35 http request GET https://registry.npmjs.org/body_parser
36 http 404 https://registry.npmjs.org/body_parser
37 verbose headers { 'content-type': 'application/json',
37 verbose headers   'cache-control': 'max-age=0',
37 verbose headers   'content-length': '2',
37 verbose headers   'accept-ranges': 'bytes',
37 verbose headers   date: 'Sat, 31 Oct 2015 01:13:19 GMT',
37 verbose headers   via: '1.1 varnish',
37 verbose headers   age: '0',
37 verbose headers   connection: 'keep-alive',
37 verbose headers   'x-served-by': 'cache-iad2134-IAD',
37 verbose headers   'x-cache': 'MISS',
37 verbose headers   'x-cache-hits': '0',
37 verbose headers   'x-timer': 'S1446253999.143350,VS0,VE132' }
38 silly get cb [ 404,
38 silly get   { 'content-type': 'application/json',
38 silly get     'cache-control': 'max-age=0',
38 silly get     'content-length': '2',
38 silly get     'accept-ranges': 'bytes',
38 silly get     date: 'Sat, 31 Oct 2015 01:13:19 GMT',
38 silly get     via: '1.1 varnish',
38 silly get     age: '0',
38 silly get     connection: 'keep-alive',
38 silly get     'x-served-by': 'cache-iad2134-IAD',
38 silly get     'x-cache': 'MISS',
38 silly get     'x-cache-hits': '0',
38 silly get     'x-timer': 'S1446253999.143350,VS0,VE132' } ]
39 verbose stack Error: Registry returned 404 for GET on https://registry.npmjs.org/body_parser
39 verbose stack     at makeError (/usr/local/lib/node_modules/npm/node_modules/npm-registry-client/lib/request.js:263:12)
39 verbose stack     at CachingRegistryClient.<anonymous> (/usr/local/lib/node_modules/npm/node_modules/npm-registry-client/lib/request.js:241:14)
39 verbose stack     at Request._callback (/usr/local/lib/node_modules/npm/node_modules/npm-registry-client/lib/request.js:171:14)
39 verbose stack     at Request.self.callback (/usr/local/lib/node_modules/npm/node_modules/request/request.js:198:22)
39 verbose stack     at emitTwo (events.js:87:13)
39 verbose stack     at Request.emit (events.js:172:7)
39 verbose stack     at Request.<anonymous> (/usr/local/lib/node_modules/npm/node_modules/request/request.js:1073:14)
39 verbose stack     at emitOne (events.js:82:20)
39 verbose stack     at Request.emit (events.js:169:7)
39 verbose stack     at IncomingMessage.<anonymous> (/usr/local/lib/node_modules/npm/node_modules/request/request.js:1019:12)
40 verbose statusCode 404
41 verbose pkgid body_parser
42 verbose cwd /Users/Contour/Documents/Parsons/Thesis/SEGUE
43 error Darwin 13.4.0
44 error argv "/usr/local/bin/node" "/usr/local/bin/npm" "install" "body_parser" "--save"
45 error node v4.1.2
46 error npm  v2.14.4
47 error code E404
48 error 404 Registry returned 404 for GET on https://registry.npmjs.org/body_parser
48 error 404
48 error 404 'body_parser' is not in the npm registry.
48 error 404 You should bug the author to publish it (or use the name yourself!)
48 error 404 It was specified as a dependency of 'intro_to_npm'
48 error 404
48 error 404 Note that you can also install from a
48 error 404 tarball, folder, http url, or git url.
49 verbose exit [ 1, true ]
